
 Error CodeHY093 ErrorDetail 0 error on occured at Fri 23-12-2022 08:27:40 PM in file C:/wamp64/www/frontand6/insert_teacher.php
 Error CodeHY093 ErrorDetail 0 error on occured at Fri 23-12-2022 08:28:42 PM in file C:/wamp64/www/frontand6/insert_teacher.php
 Error Code22001 ErrorDetail 1406 error on occured at Fri 23-12-2022 10:20:24 PM in file C:/wamp64/www/frontand6/insert_teacher.php
 Error CodeHY093 ErrorDetail 0 error on occured at Fri 23-12-2022 10:29:48 PM in file C:/wamp64/www/frontand6/insert_teacher.php
 Error Code21S01 ErrorDetail 1136 error on occured at Fri 23-12-2022 10:30:13 PM in file C:/wamp64/www/frontand6/insert_teacher.php
 Error CodeHY093 ErrorDetail 0 error on occured at Fri 23-12-2022 10:31:13 PM in file C:/wamp64/www/frontand6/insert_teacher.php
 Error CodeHY093 ErrorDetail 0 error on occured at Fri 23-12-2022 10:31:36 PM in file C:/wamp64/www/frontand6/insert_teacher.php
 Error CodeHY093 ErrorDetail 0 error on occured at Fri 23-12-2022 10:32:35 PM in file C:/wamp64/www/frontand6/insert_teacher.php
 Error CodeHY093 ErrorDetail 0 error on occured at Fri 23-12-2022 10:33:26 PM in file C:/wamp64/www/frontand6/insert_teacher.php
 Error CodeHY093 ErrorDetail 0 error on occured at Fri 23-12-2022 10:33:46 PM in file C:/wamp64/www/frontand6/insert_teacher.php
 Error CodeHY093 ErrorDetail 0 error on occured at Fri 23-12-2022 10:36:19 PM in file C:/wamp64/www/frontand6/insert_teacher.php
 Error CodeHY093 ErrorDetail 0 error on occured at Fri 23-12-2022 10:36:33 PM in file C:/wamp64/www/frontand6/insert_teacher.php
 Error Code42S22 ErrorDetail 1054 error on occured at Fri 23-12-2022 10:39:20 PM in file C:/wamp64/www/frontand6/insert_teacher.php
 Error CodeHY093 ErrorDetail 0 error on occured at Fri 23-12-2022 10:47:03 PM in file C:/wamp64/www/frontand6/insert_teacher.php
 Error Code23000 ErrorDetail 1048 error on occured at Fri 23-12-2022 10:49:33 PM in file C:/wamp64/www/frontand6/insert_teacher.php
 Error Code22001 ErrorDetail 1406 error on occured at Sat 24-12-2022 07:56:09 AM in file C:/wamp64/www/frontand6/insert_teacher.php
 Error Code22001 ErrorDetail 1406 error on occured at Sat 24-12-2022 07:57:07 AM in file C:/wamp64/www/frontand6/insert_teacher.php
 Error Code22001 ErrorDetail 1406 error on occured at Sat 24-12-2022 08:02:03 AM in file C:/wamp64/www/frontand6/insert_teacher.php
 Error Code42S22 ErrorDetail 1054 error on occured at Sat 24-12-2022 08:04:00 AM in file C:/wamp64/www/frontand6/insert_teacher.php
 Error Code22001 ErrorDetail 1406 error on occured at Sat 24-12-2022 08:13:34 AM in file C:/wamp64/www/frontand6/insert_teacher.php
 Error Code42000 ErrorDetail 1110 error on occured at Sat 24-12-2022 08:15:54 AM in file C:/wamp64/www/frontand6/insert_teacher.php
 Error Code22001 ErrorDetail 1406 error on occured at Sat 24-12-2022 08:17:22 AM in file C:/wamp64/www/frontand6/insert_teacher.php
 Error Code22001 ErrorDetail 1406 error on occured at Sat 24-12-2022 08:17:28 AM in file C:/wamp64/www/frontand6/insert_teacher.php
 Error Code22001 ErrorDetail 1406 error on occured at Sat 24-12-2022 08:19:29 AM in file C:/wamp64/www/frontand6/insert_teacher.php
 Error Code22001 ErrorDetail 1406 error on occured at Sat 24-12-2022 08:19:47 AM in file C:/wamp64/www/frontand6/insert_teacher.php
 Error Code22001 ErrorDetail 1406 error on occured at Sat 24-12-2022 08:19:49 AM in file C:/wamp64/www/frontand6/insert_teacher.php
 Error Code42000 ErrorDetail 1064 error on occured at Sat 24-12-2022 08:20:45 AM in file C:/wamp64/www/frontand6/insert_teacher.php
 Error Code22001 ErrorDetail 1406 error on occured at Sat 24-12-2022 08:35:08 AM in file C:/wamp64/www/frontand6/insert_teacher.php
 Error Code23000 ErrorDetail 1048 error on occured at Sat 24-12-2022 08:52:30 AM in file C:/wamp64/www/frontand6/insert_teacher.php
 Error CodeHY000 ErrorDetail 1364 error on occured at Sat 24-12-2022 08:52:39 AM in file C:/wamp64/www/frontand6/insert_teacher.php
 Error CodeHY000 ErrorDetail 1364 error on occured at Sat 24-12-2022 08:53:56 AM in file C:/wamp64/www/frontand6/insert_teacher.php
 Error Code23000 ErrorDetail 1048 error on occured at Sat 24-12-2022 08:54:59 AM in file C:/wamp64/www/frontand6/insert_teacher.php